<?xml version="1.0" encoding="UTF-8"?>
<!-- Generated by org.testng.reporters.JUnitReportReporter -->
<testsuite hostname="DESKTOP-PDHRC70" failures="0" tests="3" name="createorgTest.DataproviderWithExcel" time="0.033" errors="0" timestamp="2024-08-17T13:20:12 IST" skipped="0">
  <testcase classname="createorgTest.DataproviderWithExcel" name="sample" time="0.004"/>
  <system-out/>
  <testcase classname="createorgTest.DataproviderWithExcel" name="sample" time="0.007"/>
  <system-out/>
  <testcase classname="createorgTest.DataproviderWithExcel" name="sample" time="0.022"/>
  <system-out/>
</testsuite> <!-- createorgTest.DataproviderWithExcel -->
