<?xml version="1.0" encoding="UTF-8"?>
<!-- Generated by org.testng.reporters.JUnitReportReporter -->
<testsuite hostname="DESKTOP-PDHRC70" failures="0" tests="1" name="createorgTest.CreateContactTest" time="0.018" errors="0" timestamp="2024-08-17T11:09:35 IST" skipped="0">
  <testcase classname="createorgTest.CreateContactTest" name="createContactTest" time="0.018"/>
  <system-out/>
</testsuite> <!-- createorgTest.CreateContactTest -->
