<?xml version="1.0" encoding="UTF-8"?>
<!-- Generated by org.testng.reporters.JUnitReportReporter -->
<testsuite hostname="DESKTOP-PDHRC70" failures="0" tests="2" name="createorgTest.CreateContactTest" time="0.020" errors="0" timestamp="2024-08-16T17:46:45 IST" skipped="0">
  <testcase classname="createorgTest.CreateContactTest" name="modifyContactTest" time="0.003"/>
  <system-out/>
  <testcase classname="createorgTest.CreateContactTest" name="createContactTest" time="0.017"/>
  <system-out/>
</testsuite> <!-- createorgTest.CreateContactTest -->
