<?xml version="1.0" encoding="UTF-8"?>
<!-- Generated by org.testng.reporters.JUnitReportReporter -->
<testsuite hostname="DESKTOP-PDHRC70" failures="0" tests="4" name="createorgTest.FactoryPracticeTest2" time="0.022" errors="0" timestamp="2024-08-17T12:50:32 IST" skipped="0">
  <testcase classname="createorgTest.FactoryPracticeTest2" name="sample" time="0.015"/>
  <system-out/>
  <testcase classname="createorgTest.FactoryPracticeTest2" name="sample" time="0.001"/>
  <system-out/>
  <testcase classname="createorgTest.FactoryPracticeTest2" name="sample" time="0.002"/>
  <system-out/>
  <testcase classname="createorgTest.FactoryPracticeTest2" name="sample" time="0.004"/>
  <system-out/>
</testsuite> <!-- createorgTest.FactoryPracticeTest2 -->
