<?xml version="1.0" encoding="UTF-8"?>
<!-- Generated by org.testng.reporters.JUnitReportReporter -->
<testsuite hostname="DESKTOP-PDHRC70" failures="0" tests="2" name="createorgTest.CreateOrgTest" time="0.013" errors="0" timestamp="2024-08-17T11:02:37 IST" skipped="0">
  <testcase classname="createorgTest.CreateOrgTest" name="createOrgTest" time="0.006"/>
  <system-out/>
  <testcase classname="createorgTest.CreateOrgTest" name="modifyOrgTest" time="0.007"/>
  <system-out/>
</testsuite> <!-- createorgTest.CreateOrgTest -->
