<?xml version="1.0" encoding="UTF-8"?>
<!-- Generated by org.testng.reporters.JUnitReportReporter -->
<testsuite hostname="DESKTOP-PDHRC70" failures="0" tests="4" name="createorgTest.FactoryPracticeTest" time="0.032" errors="0" timestamp="2024-08-17T12:17:19 IST" skipped="0">
  <testcase classname="createorgTest.FactoryPracticeTest" name="sample" time="0.004"/>
  <system-out/>
  <testcase classname="createorgTest.FactoryPracticeTest" name="sample" time="0.004"/>
  <system-out/>
  <testcase classname="createorgTest.FactoryPracticeTest" name="sample" time="0.020"/>
  <system-out/>
  <testcase classname="createorgTest.FactoryPracticeTest" name="sample" time="0.004"/>
  <system-out/>
</testsuite> <!-- createorgTest.FactoryPracticeTest -->
